#
# There is insufficient memory for the Java Runtime Environment to continue.
# Native memory allocation (malloc) failed to allocate 1048576 bytes for AllocateHeap
# Possible reasons:
#   The system is out of physical RAM or swap space
#   The process is running with CompressedOops enabled, and the Java Heap may be blocking the growth of the native heap
# Possible solutions:
#   Reduce memory load on the system
#   Increase physical memory or swap space
#   Check if swap backing store is full
#   Decrease Java heap size (-Xmx/-Xms)
#   Decrease number of Java threads
#   Decrease Java thread stack sizes (-Xss)
#   Set larger code cache with -XX:ReservedCodeCacheSize=
#   JVM is running with Zero Based Compressed Oops mode in which the Java heap is
#     placed in the first 32GB address space. The Java Heap base address is the
#     maximum limit for the native heap growth. Please use -XX:HeapBaseMinAddress
#     to set the Java Heap base and to place the Java Heap above 32GB virtual address.
# This output file may be truncated or incomplete.
#
#  Out of Memory Error (memory/allocation.inline.hpp:61), pid=17856, tid=0x0000000000004aac
#
# JRE version:  (8.0_261-b12) (build )
# Java VM: Java HotSpot(TM) 64-Bit Server VM (25.261-b12 mixed mode windows-amd64 compressed oops)
# Failed to write core dump. Minidumps are not enabled by default on client versions of Windows
#

---------------  T H R E A D  ---------------

Current thread (0x0000023332a75000):  JavaThread "Unknown thread" [_thread_in_vm, id=19116, stack(0x000000d1b9f00000,0x000000d1ba000000)]

Stack: [0x000000d1b9f00000,0x000000d1ba000000]
Native frames: (J=compiled Java code, j=interpreted, Vv=VM code, C=native code)
V  [jvm.dll+0x33e5f9]
V  [jvm.dll+0x2850e2]
V  [jvm.dll+0x285d8d]
V  [jvm.dll+0x27c895]
V  [jvm.dll+0x1565d]
V  [jvm.dll+0x3d9117]
V  [jvm.dll+0x3d5557]
V  [jvm.dll+0x10c61f]
V  [jvm.dll+0x21a00b]
V  [jvm.dll+0x248687]
V  [jvm.dll+0x172116]
C  [java.exe+0x2312]
C  [java.exe+0x15f64]
C  [KERNEL32.DLL+0x17034]
C  [ntdll.dll+0x4cec1]


---------------  P R O C E S S  ---------------

Java Threads: ( => current thread )

Other Threads:

=>0x0000023332a75000 (exited) JavaThread "Unknown thread" [_thread_in_vm, id=19116, stack(0x000000d1b9f00000,0x000000d1ba000000)]

VM state:not at safepoint (normal execution)

VM Mutex/Monitor currently owned by a thread: None

heap address: 0x00000006c6600000, size: 3994 MB, Compressed Oops mode: Zero based, Oop shift amount: 3
Narrow klass base: 0x0000000000000000, Narrow klass shift: 3
Compressed class space size: 1073741824 Address: 0x00000007c0000000

Heap:
 PSYoungGen      total 74752K, used 1290K [0x000000076cd00000, 0x0000000772000000, 0x00000007c0000000)
  eden space 64512K, 2% used [0x000000076cd00000,0x000000076ce42900,0x0000000770c00000)
  from space 10240K, 0% used [0x0000000771600000,0x0000000771600000,0x0000000772000000)
  to   space 10240K, 0% used [0x0000000770c00000,0x0000000770c00000,0x0000000771600000)
 ParOldGen       total 171008K, used 0K [0x00000006c6600000, 0x00000006d0d00000, 0x000000076cd00000)
  object space 171008K, 0% used [0x00000006c6600000,0x00000006c6600000,0x00000006d0d00000)
 Metaspace       used 786K, capacity 1156K, committed 1408K, reserved 1060864K
  class space    used 76K, capacity 384K, committed 384K, reserved 1048576K

Card table byte_map: [0x0000023343920000,0x00000233440f0000] byte_map_base: 0x00000233402ed000

Marking Bits: (ParMarkBitMap*) 0x0000000056e74fb0
 Begin Bits: [0x0000023344630000, 0x0000023348498000)
 End Bits:   [0x0000023348498000, 0x000002334c300000)

Polling page: 0x0000023332cc0000

CodeCache: size=245760Kb used=328Kb max_used=328Kb free=245431Kb
 bounds [0x0000023334560000, 0x00000233347d0000, 0x0000023343560000]
 total_blobs=58 nmethods=0 adapters=38
 compilation: enabled

Compilation events (0 events):
No events

GC Heap History (0 events):
No events

Deoptimization events (0 events):
No events

Classes redefined (0 events):
No events

Internal exceptions (0 events):
No events

Events (10 events):
Event: 0.030 loading class java/lang/Short
Event: 0.030 loading class java/lang/Short done
Event: 0.030 loading class java/lang/Integer
Event: 0.030 loading class java/lang/Integer done
Event: 0.030 loading class java/lang/Long
Event: 0.030 loading class java/lang/Long done
Event: 0.030 loading class java/lang/NullPointerException
Event: 0.030 loading class java/lang/NullPointerException done
Event: 0.030 loading class java/lang/ArithmeticException
Event: 0.030 loading class java/lang/ArithmeticException done


Dynamic libraries:
0x00007ff7e74c0000 - 0x00007ff7e7507000 	C:\Program Files\Java\jdk1.8.0_261\bin\java.exe
0x00007ffa958d0000 - 0x00007ffa95ac6000 	C:\WINDOWS\SYSTEM32\ntdll.dll
0x00007ffa94640000 - 0x00007ffa946fd000 	C:\WINDOWS\System32\KERNEL32.DLL
0x00007ffa93120000 - 0x00007ffa933e8000 	C:\WINDOWS\System32\KERNELBASE.dll
0x00007ffa93980000 - 0x00007ffa93a2a000 	C:\WINDOWS\System32\ADVAPI32.dll
0x00007ffa94300000 - 0x00007ffa9439e000 	C:\WINDOWS\System32\msvcrt.dll
0x00007ffa94540000 - 0x00007ffa945db000 	C:\WINDOWS\System32\sechost.dll
0x00007ffa94400000 - 0x00007ffa94524000 	C:\WINDOWS\System32\RPCRT4.dll
0x00007ffa940d0000 - 0x00007ffa94270000 	C:\WINDOWS\System32\USER32.dll
0x00007ffa93440000 - 0x00007ffa93462000 	C:\WINDOWS\System32\win32u.dll
0x00007ffa94270000 - 0x00007ffa9429a000 	C:\WINDOWS\System32\GDI32.dll
0x00007ffa93470000 - 0x00007ffa93579000 	C:\WINDOWS\System32\gdi32full.dll
0x00007ffa93080000 - 0x00007ffa9311d000 	C:\WINDOWS\System32\msvcp_win.dll
0x00007ffa935b0000 - 0x00007ffa936b0000 	C:\WINDOWS\System32\ucrtbase.dll
0x00007ffa84ab0000 - 0x00007ffa84d4b000 	C:\WINDOWS\WinSxS\amd64_microsoft.windows.common-controls_6595b64144ccf1df_6.0.19041.488_none_ca04af081b815d21\COMCTL32.dll
0x00007ffa93940000 - 0x00007ffa93970000 	C:\WINDOWS\System32\IMM32.DLL
0x00007ffa8ba70000 - 0x00007ffa8ba85000 	C:\Program Files\Java\jdk1.8.0_261\jre\bin\vcruntime140.dll
0x00007ffa7af10000 - 0x00007ffa7afab000 	C:\Program Files\Java\jdk1.8.0_261\jre\bin\msvcp140.dll
0x0000000056680000 - 0x0000000056eec000 	C:\Program Files\Java\jdk1.8.0_261\jre\bin\server\jvm.dll
0x00007ffa94db0000 - 0x00007ffa94db8000 	C:\WINDOWS\System32\PSAPI.DLL
0x00007ffa84f30000 - 0x00007ffa84f57000 	C:\WINDOWS\SYSTEM32\WINMM.dll
0x00007ffa78cb0000 - 0x00007ffa78cb9000 	C:\WINDOWS\SYSTEM32\WSOCK32.dll
0x00007ffa89090000 - 0x00007ffa8909a000 	C:\WINDOWS\SYSTEM32\VERSION.dll
0x00007ffa95820000 - 0x00007ffa9588b000 	C:\WINDOWS\System32\WS2_32.dll
0x00007ffa918e0000 - 0x00007ffa918f2000 	C:\WINDOWS\SYSTEM32\kernel.appcore.dll
0x00007ffa8e3f0000 - 0x00007ffa8e400000 	C:\Program Files\Java\jdk1.8.0_261\jre\bin\verify.dll
0x00007ffa8b8e0000 - 0x00007ffa8b90b000 	C:\Program Files\Java\jdk1.8.0_261\jre\bin\java.dll
0x00007ffa8b8c0000 - 0x00007ffa8b8d8000 	C:\Program Files\Java\jdk1.8.0_261\jre\bin\zip.dll
0x00007ffa90e60000 - 0x00007ffa91044000 	C:\WINDOWS\SYSTEM32\dbghelp.dll
0x00007ffa93810000 - 0x00007ffa9388f000 	C:\WINDOWS\System32\bcryptPrimitives.dll

VM Arguments:
jvm_args: -Dfile.encoding=UTF-8 
java_command: coetus.bibendum.main.Main
java_class_path (initial): D:\Database_Driver\mysql-connector-java-5.1.49\mysql-connector-java-5.1.49-bin.jar;D:\javafx-sdk\AnimateFX-1.2.0.jar;D:\javafx-sdk\charm-glisten-4.4.5.jar;D:\javafx-sdk\itextpdf-5.1.0.jar;C:\Users\Daniel\Documents\NetBeansProjects\bibendum\build\classes
Launcher Type: SUN_STANDARD

Environment Variables:
JAVA_HOME=C:\Program Files\Java\jdk-13.0.2
PATH=C:\Program Files (x86)\Common Files\Intel\Shared Libraries\redist\intel64_win\compiler;C:\WINDOWS\system32;C:\WINDOWS;C:\WINDOWS\System32\Wbem;C:\WINDOWS\System32\WindowsPowerShell\v1.0\;C:\WINDOWS\System32\OpenSSH\;C:\Program Files\Intel\WiFi\bin\;C:\Program Files\Common Files\Intel\WirelessCommon\;C:\ProgramData\chocolatey\bin;C:\Program Files\Java\jdk-13.0.2\bin;C:\Program Files\Java\jdk-13.0.2\bin;C:\Program Files\nodejs\;C:\wamp64\bin\php\php7.3.5;C:\composer;C:\Program Files\Git\cmd;C:\Program Files\Java\jdk1.8.0_261\bin;c:\Program Files (x86)\Intel\Intel(R) Management Engine Components\DAL;c:\Program Files\Intel\Intel(R) Management Engine Components\DAL;C:\Users\Daniel\AppData\Local\Programs\Python\Python38\Scripts\;C:\Users\Daniel\AppData\Local\Programs\Python\Python38\;C:\Users\Daniel\AppData\Local\Microsoft\WindowsApps;C:\Program Files\JetBrains\IntelliJ IDEA Community Edition 2019.2.4\bin;C:\Program Files\JetBrains\PyCharm Community Edition 2019.2.4\bin;C:\wamp64\bin\php\php7.3.5;C:\Users\Daniel\AppData\Roaming\npm;C:\Program Files\JetBrains\WebStorm 2019.1.3\bin;C:\Users\Daniel\AppData\Roaming\Composer\vendor\bin;C:\flutter\bin;C:\Users\Daniel\AppData\Local\Microsoft\WindowsApps;C:\Program Files\JetBrains\IntelliJ IDEA Community Edition 2020.1.1\bin;C:\Program Files\JetBrains\PyCharm Community Edition 2020.1.1\bin;C:\Program Files\JetBrains\CLion 2020.1\bin;;C:\Users\Daniel\AppData\Local\Programs\Microsoft VS Code\bin
USERNAME=Daniel
OS=Windows_NT
PROCESSOR_IDENTIFIER=Intel64 Family 6 Model 142 Stepping 10, GenuineIntel



---------------  S Y S T E M  ---------------

OS: Windows 10.0 , 64 bit Build 19041 (10.0.19041.541)

CPU:total 8 (initial active 8) (4 cores per cpu, 2 threads per core) family 6 model 142 stepping 10, cmov, cx8, fxsr, mmx, sse, sse2, sse3, ssse3, sse4.1, sse4.2, popcnt, avx, avx2, aes, clmul, erms, 3dnowpref, lzcnt, ht, tsc, tscinvbit, bmi1, bmi2, adx

Memory: 4k page, physical 16353676k(3792404k free), swap 20547980k(5216k free)

vm_info: Java HotSpot(TM) 64-Bit Server VM (25.261-b12) for windows-amd64 JRE (1.8.0_261-b12), built on Jun 18 2020 06:56:32 by "" with unknown MS VC++:1916

time: Sat Sep 26 16:07:00 2020
timezone: Greenwich Standard Time
elapsed time: 0 seconds (0d 0h 0m 0s)

